<?xml version="1.0" encoding="UTF-8"?>
<testng-results ignored="0" total="4" passed="4" failed="0" skipped="0">
  <reporter-output>
  </reporter-output>
  <suite started-at="2022-08-23T22:44:29 VET" name="Surefire suite" finished-at="2022-08-23T22:44:29 VET" duration-ms="34">
    <groups>
    </groups>
    <test started-at="2022-08-23T22:44:29 VET" name="Surefire test" finished-at="2022-08-23T22:44:29 VET" duration-ms="34">
      <class name="calculatorTest.calculatorTest">
        <test-method signature="addTwoNumbers()" started-at="2022-08-23T22:44:29 VET" name="addTwoNumbers" finished-at="2022-08-23T22:44:29 VET" duration-ms="5" status="PASS">
          <reporter-output>
          </reporter-output>
        </test-method> <!-- addTwoNumbers -->
        <test-method signature="addThreeNumbers()" started-at="2022-08-23T22:44:29 VET" name="addThreeNumbers" finished-at="2022-08-23T22:44:29 VET" duration-ms="6" status="PASS">
          <reporter-output>
          </reporter-output>
        </test-method> <!-- addThreeNumbers -->
        <test-method signature="subtractThreeNumbers()" started-at="2022-08-23T22:44:29 VET" name="subtractThreeNumbers" finished-at="2022-08-23T22:44:29 VET" duration-ms="6" status="PASS">
          <reporter-output>
          </reporter-output>
        </test-method> <!-- subtractThreeNumbers -->
        <test-method signature="subtractTwoNumbers()" started-at="2022-08-23T22:44:29 VET" name="subtractTwoNumbers" finished-at="2022-08-23T22:44:29 VET" duration-ms="5" status="PASS">
          <reporter-output>
          </reporter-output>
        </test-method> <!-- subtractTwoNumbers -->
      </class> <!-- calculatorTest.calculatorTest -->
    </test> <!-- Surefire test -->
  </suite> <!-- Surefire suite -->
</testng-results>
