<?xml version="1.0" encoding="UTF-8"?>
<!-- Generated by org.testng.reporters.JUnitXMLReporter -->
<testsuite ignored="0" hostname="KATHY-ASUS" failures="0" tests="4" name="Surefire test" time="0.047" errors="0" timestamp="2022-08-24T10:26:47 VET">
  <testcase classname="calculatorTest.calculatorTest" name="addTwoNumbers on addTwoNumbers(calculatorTest.calculatorTest)" time="0.007"/>
  <testcase classname="calculatorTest.calculatorTest" name="addThreeNumbers on addThreeNumbers(calculatorTest.calculatorTest)" time="0.009"/>
  <testcase classname="calculatorTest.calculatorTest" name="subtractTwoNumbers on subtractTwoNumbers(calculatorTest.calculatorTest)" time="0.01"/>
  <testcase classname="calculatorTest.calculatorTest" name="subtractThreeNumbers on subtractThreeNumbers(calculatorTest.calculatorTest)" time="0.01"/>
</testsuite> <!-- Surefire test -->
