<?xml version="1.0" encoding="UTF-8"?>
<!-- Generated by org.testng.reporters.JUnitXMLReporter -->
<testsuite ignored="0" hostname="KATHY-ASUS" failures="0" tests="1" name="Surefire test" time="0.16" errors="0" timestamp="2022-08-23T22:44:29 VET">
  <testcase classname="iMoneyTransObjectRepository.TestBase" name="@BeforeClass DriverInitialize" time="-1.661309069248E9">
    <failure type="org.testng.TestNGException" message="
Can inject only one of &amp;lt;ITestContext, XmlTest&amp;gt; into a @BeforeClass annotated DriverInitialize.
For more information on native dependency injection please refer to https://testng.org/doc/documentation-main.html#native-dependency-injection">
      <![CDATA[org.testng.TestNGException: 
Can inject only one of <ITestContext, XmlTest> into a @BeforeClass annotated DriverInitialize.
For more information on native dependency injection please refer to https://testng.org/doc/documentation-main.html#native-dependency-injection
at java.base/java.util.ArrayList.forEach(ArrayList.java:1541)
... Removed 27 stack frames]]>
    </failure>
  </testcase> <!-- @BeforeClass DriverInitialize -->
  <testcase classname="iMoneyTransObjectRepository.TestBase" name="@AfterClass TearDown" time="0.0">
    <skipped/>
  </testcase> <!-- @AfterClass TearDown -->
  <testcase classname="iMoneyTransTestCasesAllBrowsers.LoginTest" name="Login" time="0.0">
    <skipped/>
  </testcase> <!-- Login -->
</testsuite> <!-- Surefire test -->
