<?xml version="1.0" encoding="UTF-8"?>
<testng-results ignored="0" total="4" passed="4" failed="0" skipped="0">
  <reporter-output>
  </reporter-output>
  <suite started-at="2022-08-24T10:26:46 VET" name="Surefire suite" finished-at="2022-08-24T10:26:46 VET" duration-ms="47">
    <groups>
    </groups>
    <test started-at="2022-08-24T10:26:46 VET" name="Surefire test" finished-at="2022-08-24T10:26:46 VET" duration-ms="47">
      <class name="calculatorTest.calculatorTest">
        <test-method signature="addTwoNumbers()" started-at="2022-08-24T10:26:46 VET" name="addTwoNumbers" finished-at="2022-08-24T10:26:46 VET" duration-ms="7" status="PASS">
          <reporter-output>
          </reporter-output>
        </test-method> <!-- addTwoNumbers -->
        <test-method signature="addThreeNumbers()" started-at="2022-08-24T10:26:46 VET" name="addThreeNumbers" finished-at="2022-08-24T10:26:46 VET" duration-ms="9" status="PASS">
          <reporter-output>
          </reporter-output>
        </test-method> <!-- addThreeNumbers -->
        <test-method signature="subtractTwoNumbers()" started-at="2022-08-24T10:26:46 VET" name="subtractTwoNumbers" finished-at="2022-08-24T10:26:46 VET" duration-ms="10" status="PASS">
          <reporter-output>
          </reporter-output>
        </test-method> <!-- subtractTwoNumbers -->
        <test-method signature="subtractThreeNumbers()" started-at="2022-08-24T10:26:46 VET" name="subtractThreeNumbers" finished-at="2022-08-24T10:26:46 VET" duration-ms="10" status="PASS">
          <reporter-output>
          </reporter-output>
        </test-method> <!-- subtractThreeNumbers -->
      </class> <!-- calculatorTest.calculatorTest -->
    </test> <!-- Surefire test -->
  </suite> <!-- Surefire suite -->
</testng-results>
