<?xml version="1.0" encoding="UTF-8"?>
<testsuite xmlns:xsi="http://www.w3.org/2001/XMLSchema-instance" xsi:noNamespaceSchemaLocation="https://maven.apache.org/surefire/maven-surefire-plugin/xsd/surefire-test-report-3.0.xsd" version="3.0" name="TestSuite" time="1.308" tests="7" errors="0" skipped="2" failures="1">
  <properties>
[...]
</properties>
  <testcase name="DriverInitialize" classname="iMoneyTransTestCasesAllBrowsers.LoginTest" time="1.041">
    <failure message="&#10;Can inject only one of &lt;ITestContext, XmlTest&gt; into a @BeforeClass annotated DriverInitialize.&#10;For more information on native dependency injection please refer to https://testng.org/doc/documentation-main.html#native-dependency-injection" type="org.testng.TestNGException"><![CDATA[org.testng.TestNGException: 

Can inject only one of <ITestContext, XmlTest> into a @BeforeClass annotated DriverInitialize.
For more information on native dependency injection please refer to https://testng.org/doc/documentation-main.html#native-dependency-injection
]]></failure>
    <system-err><![CDATA[SLF4J: Failed to load class "org.slf4j.impl.StaticLoggerBinder".
SLF4J: Defaulting to no-operation (NOP) logger implementation
SLF4J: See http://www.slf4j.org/codes.html#StaticLoggerBinder for further details.
]]></system-err>
  </testcase>
  <testcase name="Login" classname="iMoneyTransTestCasesAllBrowsers.LoginTest" time="0">
    <skipped message="&#10;Can inject only one of &lt;ITestContext, XmlTest&gt; into a @BeforeClass annotated DriverInitialize.&#10;For more information on native dependency injection please refer to https://testng.org/doc/documentation-main.html#native-dependency-injection"/>
  </testcase>
  <testcase name="TearDown" classname="iMoneyTransTestCasesAllBrowsers.LoginTest" time="0">
    <skipped/>
  </testcase>
  <testcase name="addTwoNumbers on addTwoNumbers(calculatorTest.calculatorTest)" classname="calculatorTest.calculatorTest" time="0.002"/>
  <testcase name="addThreeNumbers on addThreeNumbers(calculatorTest.calculatorTest)" classname="calculatorTest.calculatorTest" time="0"/>
  <testcase name="subtractTwoNumbers on subtractTwoNumbers(calculatorTest.calculatorTest)" classname="calculatorTest.calculatorTest" time="0.001"/>
  <testcase name="subtractThreeNumbers on subtractThreeNumbers(calculatorTest.calculatorTest)" classname="calculatorTest.calculatorTest" time="0"/>
</testsuite>