<?xml version="1.0" encoding="UTF-8"?>
<!-- Generated by org.testng.reporters.JUnitXMLReporter -->
<testsuite ignored="0" hostname="KATHY-ASUS" failures="0" tests="4" name="Surefire test" time="0.034" errors="0" timestamp="2022-08-23T22:44:29 VET">
  <testcase classname="calculatorTest.calculatorTest" name="addTwoNumbers on addTwoNumbers(calculatorTest.calculatorTest)" time="0.005"/>
  <testcase classname="calculatorTest.calculatorTest" name="addThreeNumbers on addThreeNumbers(calculatorTest.calculatorTest)" time="0.006"/>
  <testcase classname="calculatorTest.calculatorTest" name="subtractTwoNumbers on subtractTwoNumbers(calculatorTest.calculatorTest)" time="0.005"/>
  <testcase classname="calculatorTest.calculatorTest" name="subtractThreeNumbers on subtractThreeNumbers(calculatorTest.calculatorTest)" time="0.006"/>
</testsuite> <!-- Surefire test -->
